<?xml version="1.0" encoding="UTF-8"?>
<testng-results skipped="0" failed="0" total="1" passed="1">
  <reporter-output>
  </reporter-output>
  <suite name="Default suite" duration-ms="49128" started-at="2017-01-09T10:43:42Z" finished-at="2017-01-09T10:44:31Z">
    <groups>
    </groups>
    <test name="Default test" duration-ms="49128" started-at="2017-01-09T10:43:42Z" finished-at="2017-01-09T10:44:31Z">
      <class name="pack1.TestA">
        <test-method status="PASS" signature="setUp()[pri:0, instance:pack1.TestA@3f0ee7cb]" name="setUp" is-config="true" duration-ms="22038" started-at="2017-01-09T16:13:42Z" finished-at="2017-01-09T16:14:04Z">
          <reporter-output>
          </reporter-output>
        </test-method> <!-- setUp -->
        <test-method status="PASS" signature="testOne()[pri:0, instance:pack1.TestA@3f0ee7cb]" name="testOne" duration-ms="18222" started-at="2017-01-09T16:14:04Z" finished-at="2017-01-09T16:14:22Z">
          <reporter-output>
          </reporter-output>
        </test-method> <!-- testOne -->
        <test-method status="PASS" signature="tearDown()[pri:0, instance:pack1.TestA@3f0ee7cb]" name="tearDown" is-config="true" duration-ms="8865" started-at="2017-01-09T16:14:22Z" finished-at="2017-01-09T16:14:31Z">
          <reporter-output>
          </reporter-output>
        </test-method> <!-- tearDown -->
      </class> <!-- pack1.TestA -->
    </test> <!-- Default test -->
  </suite> <!-- Default suite -->
</testng-results>
